<?xml version="1.0" encoding="UTF-8"?>
<testng-results skipped="0" failed="0" ignored="0" total="2" passed="2">
  <reporter-output>
  </reporter-output>
  <suite name="CAI_Tests" duration-ms="442130" started-at="2020-12-10T11:44:44Z" finished-at="2020-12-10T11:52:06Z">
    <groups>
    </groups>
    <test name="CAI_RegistrationTest" duration-ms="442130" started-at="2020-12-10T11:44:44Z" finished-at="2020-12-10T11:52:06Z">
      <class name="com.CAI.tests.RegistrationPositiveTest">
        <test-method status="PASS" signature="startReport()[pri:0, instance:com.CAI.tests.RegistrationPositiveTest@5891e32e]" name="startReport" is-config="true" duration-ms="3201" started-at="2020-12-10T11:44:44Z" finished-at="2020-12-10T11:44:47Z">
          <reporter-output>
          </reporter-output>
        </test-method> <!-- startReport -->
        <test-method status="PASS" signature="openBrowser(java.lang.String)[pri:0, instance:com.CAI.tests.RegistrationPositiveTest@5891e32e]" name="openBrowser" is-config="true" duration-ms="209339" started-at="2020-12-10T11:44:59Z" finished-at="2020-12-10T11:48:28Z">
          <params>
            <param index="0">
              <value>
                <![CDATA[chrome]]>
              </value>
            </param>
          </params>
          <reporter-output>
          </reporter-output>
        </test-method> <!-- openBrowser -->
        <test-method status="PASS" signature="registrationPositiveTest(java.lang.String, java.lang.String, java.lang.String, java.lang.String, java.lang.String)[pri:0, instance:com.CAI.tests.RegistrationPositiveTest@5891e32e]" name="registrationPositiveTest" duration-ms="38897" started-at="2020-12-10T11:48:28Z" data-provider="regdata" finished-at="2020-12-10T11:49:07Z">
          <params>
            <param index="0">
              <value>
                <![CDATA[subbu]]>
              </value>
            </param>
            <param index="1">
              <value>
                <![CDATA[A]]>
              </value>
            </param>
            <param index="2">
              <value>
                <![CDATA[subbu@gmail.com]]>
              </value>
            </param>
            <param index="3">
              <value>
                <![CDATA[Start123@]]>
              </value>
            </param>
            <param index="4">
              <value>
                <![CDATA[Start123@]]>
              </value>
            </param>
          </params>
          <reporter-output>
          </reporter-output>
        </test-method> <!-- registrationPositiveTest -->
        <test-method status="PASS" signature="closeBrowser()[pri:0, instance:com.CAI.tests.RegistrationPositiveTest@5891e32e]" name="closeBrowser" is-config="true" duration-ms="5210" started-at="2020-12-10T11:49:07Z" finished-at="2020-12-10T11:49:12Z">
          <reporter-output>
          </reporter-output>
        </test-method> <!-- closeBrowser -->
        <test-method status="PASS" signature="endreport()[pri:0, instance:com.CAI.tests.RegistrationPositiveTest@5891e32e]" name="endreport" is-config="true" duration-ms="5843" started-at="2020-12-10T11:49:12Z" finished-at="2020-12-10T11:49:18Z">
          <reporter-output>
          </reporter-output>
        </test-method> <!-- endreport -->
      </class> <!-- com.CAI.tests.RegistrationPositiveTest -->
      <class name="com.CAI.tests.RegistrationNegativeTest">
        <test-method status="PASS" signature="startReport()[pri:0, instance:com.CAI.tests.RegistrationNegativeTest@cb0ed20]" name="startReport" is-config="true" duration-ms="4898" started-at="2020-12-10T11:49:18Z" finished-at="2020-12-10T11:49:23Z">
          <reporter-output>
          </reporter-output>
        </test-method> <!-- startReport -->
        <test-method status="PASS" signature="openBrowser(java.lang.String)[pri:0, instance:com.CAI.tests.RegistrationNegativeTest@cb0ed20]" name="openBrowser" is-config="true" duration-ms="69273" started-at="2020-12-10T11:49:28Z" finished-at="2020-12-10T11:50:37Z">
          <params>
            <param index="0">
              <value>
                <![CDATA[chrome]]>
              </value>
            </param>
          </params>
          <reporter-output>
          </reporter-output>
        </test-method> <!-- openBrowser -->
        <test-method status="PASS" signature="registrationNegativeTest(java.lang.String, java.lang.String, java.lang.String, java.lang.String, java.lang.String)[pri:0, instance:com.CAI.tests.RegistrationNegativeTest@cb0ed20]" name="registrationNegativeTest" duration-ms="86670" started-at="2020-12-10T11:50:37Z" data-provider="regdatanegative" finished-at="2020-12-10T11:52:04Z">
          <params>
            <param index="0">
              <value>
                <![CDATA[subbu]]>
              </value>
            </param>
            <param index="1">
              <value>
                <![CDATA[a]]>
              </value>
            </param>
            <param index="2">
              <value>
                <![CDATA[subbu@gmail.com]]>
              </value>
            </param>
            <param index="3">
              <value>
                <![CDATA[1234]]>
              </value>
            </param>
            <param index="4">
              <value>
                <![CDATA[1234]]>
              </value>
            </param>
          </params>
          <reporter-output>
          </reporter-output>
        </test-method> <!-- registrationNegativeTest -->
        <test-method status="PASS" signature="closeBrowser()[pri:0, instance:com.CAI.tests.RegistrationNegativeTest@cb0ed20]" name="closeBrowser" is-config="true" duration-ms="1473" started-at="2020-12-10T11:52:04Z" finished-at="2020-12-10T11:52:05Z">
          <reporter-output>
          </reporter-output>
        </test-method> <!-- closeBrowser -->
        <test-method status="PASS" signature="endreport()[pri:0, instance:com.CAI.tests.RegistrationNegativeTest@cb0ed20]" name="endreport" is-config="true" duration-ms="1051" started-at="2020-12-10T11:52:05Z" finished-at="2020-12-10T11:52:06Z">
          <reporter-output>
          </reporter-output>
        </test-method> <!-- endreport -->
      </class> <!-- com.CAI.tests.RegistrationNegativeTest -->
    </test> <!-- CAI_RegistrationTest -->
  </suite> <!-- CAI_Tests -->
</testng-results>
