<?xml version="1.0" encoding="UTF-8"?>
<!-- Generated by org.testng.reporters.JUnitXMLReporter -->
<testsuite hostname="DESKTOP-SNRP3UF" ignored="0" name="CAI_RegistrationTest" tests="2" failures="0" timestamp="10 Dec 2020 11:52:06 GMT" time="442.13" errors="0">
  <testcase name="registrationPositiveTest" time="38.897" classname="com.CAI.tests.RegistrationPositiveTest"/>
  <testcase name="registrationNegativeTest" time="86.67" classname="com.CAI.tests.RegistrationNegativeTest"/>
</testsuite> <!-- CAI_RegistrationTest -->
